c:\users\mt5815\documents\matlab_5g_channel_modelling\src\simulation\lte_nr\x64\debug\vc142.pdb
c:\users\mt5815\documents\matlab_5g_channel_modelling\src\simulation\lte_nr\x64\debug\vc142.idb
c:\users\mt5815\documents\matlab_5g_channel_modelling\src\simulation\lte_nr\x64\debug\matlab_interface.obj
c:\users\mt5815\documents\matlab_5g_channel_modelling\src\simulation\lte_nr\x64\debug\lte_nr.obj
c:\users\mt5815\documents\matlab_5g_channel_modelling\src\simulation\lte_nr\x64\debug\ltenr_spectrum.obj
c:\users\mt5815\documents\matlab_5g_channel_modelling\src\simulation\lte_nr\x64\debug\ltenr_sdap.obj
c:\users\mt5815\documents\matlab_5g_channel_modelling\src\simulation\lte_nr\x64\debug\ltenr_rrc.obj
c:\users\mt5815\documents\matlab_5g_channel_modelling\src\simulation\lte_nr\x64\debug\ltenr_rlc_um.obj
c:\users\mt5815\documents\matlab_5g_channel_modelling\src\simulation\lte_nr\x64\debug\ltenr_rlc_am.obj
c:\users\mt5815\documents\matlab_5g_channel_modelling\src\simulation\lte_nr\x64\debug\ltenr_rlcmsg.obj
c:\users\mt5815\documents\matlab_5g_channel_modelling\src\simulation\lte_nr\x64\debug\ltenr_rlcbuffer.obj
c:\users\mt5815\documents\matlab_5g_channel_modelling\src\simulation\lte_nr\x64\debug\ltenr_rlc.obj
c:\users\mt5815\documents\matlab_5g_channel_modelling\src\simulation\lte_nr\x64\debug\ltenr_propagationmodel.obj
c:\users\mt5815\documents\matlab_5g_channel_modelling\src\simulation\lte_nr\x64\debug\ltenr_prb.obj
c:\users\mt5815\documents\matlab_5g_channel_modelling\src\simulation\lte_nr\x64\debug\ltenr_phy.obj
c:\users\mt5815\documents\matlab_5g_channel_modelling\src\simulation\lte_nr\x64\debug\ltenr_pdcp.obj
c:\users\mt5815\documents\matlab_5g_channel_modelling\src\simulation\lte_nr\x64\debug\ltenr_nas.obj
c:\users\mt5815\documents\matlab_5g_channel_modelling\src\simulation\lte_nr\x64\debug\ltenr_mac.obj
c:\users\mt5815\documents\matlab_5g_channel_modelling\src\simulation\lte_nr\x64\debug\ltenr_gnbrrc.obj
c:\users\mt5815\documents\matlab_5g_channel_modelling\src\simulation\lte_nr\x64\debug\ltenr_epc.obj
c:\users\mt5815\documents\matlab_5g_channel_modelling\src\simulation\lte_nr\x64\debug\ltenr_association.obj
c:\users\mt5815\documents\matlab_5g_channel_modelling\src\simulation\lte_nr\x64\debug\ltenr_amctable.obj
c:\users\mt5815\documents\matlab_5g_channel_modelling\src\simulation\lte_nr\x64\debug\readpathlossinput.obj
c:\users\mt5815\documents\matlab_5g_channel_modelling\src\simulation\lte_nr\x64\debug\lte_nr.tlog\cl.command.1.tlog
c:\users\mt5815\documents\matlab_5g_channel_modelling\src\simulation\lte_nr\x64\debug\lte_nr.tlog\cl.read.1.tlog
c:\users\mt5815\documents\matlab_5g_channel_modelling\src\simulation\lte_nr\x64\debug\lte_nr.tlog\cl.write.1.tlog
c:\users\mt5815\documents\matlab_5g_channel_modelling\src\simulation\lte_nr\x64\debug\lte_nr.tlog\link.8412.read.1.tlog
c:\users\mt5815\documents\matlab_5g_channel_modelling\src\simulation\lte_nr\x64\debug\lte_nr.tlog\link.8412.write.1.tlog
c:\users\mt5815\documents\matlab_5g_channel_modelling\src\simulation\lte_nr\x64\debug\lte_nr.tlog\link.command.1.tlog
c:\users\mt5815\documents\matlab_5g_channel_modelling\src\simulation\lte_nr\x64\debug\lte_nr.tlog\link.read.1.tlog
c:\users\mt5815\documents\matlab_5g_channel_modelling\src\simulation\lte_nr\x64\debug\lte_nr.tlog\link.write.1.tlog
